<?xml version="1.0" encoding="UTF-8"?>
<!-- Generated by org.testng.reporters.JUnitReportReporter -->
<testsuite hostname="Prodhanddt01" failures="0" tests="2" name="TestCases.SwagLabsPageTest" time="0.704" errors="0" timestamp="2026-09-10T11:16:10 IST" skipped="0">
  <testcase classname="TestCases.SwagLabsPageTest" name="selectLowestPriceItem" time="0.408"/>
  <testcase classname="TestCases.SwagLabsPageTest" name="intenvoryTest" time="0.296"/>
</testsuite> <!-- TestCases.SwagLabsPageTest -->
