<?xml version="1.0" encoding="UTF-8"?>
<testng-results ignored="0" total="2" passed="2" failed="0" skipped="0">
  <reporter-output>
  </reporter-output>
  <suite started-at="2026-09-10T12:57:38 IST" name="Suite" finished-at="2026-09-10T12:57:39 IST" duration-ms="864">
    <groups>
    </groups>
    <test started-at="2026-09-10T12:57:38 IST" name="alltestcases" finished-at="2026-09-10T12:57:39 IST" duration-ms="864">
      <class name="TestCases.SwagLabsPageTest">
        <test-method signature="selectLowestPriceItem()[pri:0, instance:TestCases.SwagLabsPageTest@1165b38]" started-at="2026-09-10T12:57:38 IST" name="selectLowestPriceItem" finished-at="2026-09-10T12:57:39 IST" duration-ms="392" status="PASS">
          <reporter-output>
          </reporter-output>
        </test-method> <!-- selectLowestPriceItem -->
      </class> <!-- TestCases.SwagLabsPageTest -->
      <class name="TestCases.loginPageTest">
        <test-method is-config="true" signature="setup()[pri:0, instance:TestCases.loginPageTest@6025e1b6]" started-at="2026-09-10T12:57:36 IST" name="setup" finished-at="2026-09-10T12:57:38 IST" duration-ms="1998" status="PASS">
          <reporter-output>
          </reporter-output>
        </test-method> <!-- setup -->
        <test-method signature="loginFunctionTest()[pri:0, instance:TestCases.loginPageTest@6025e1b6]" started-at="2026-09-10T12:57:38 IST" name="loginFunctionTest" finished-at="2026-09-10T12:57:38 IST" duration-ms="449" status="PASS">
          <reporter-output>
          </reporter-output>
        </test-method> <!-- loginFunctionTest -->
        <test-method is-config="true" signature="tearDown()[pri:0, instance:TestCases.loginPageTest@6025e1b6]" started-at="2026-09-10T12:57:39 IST" name="tearDown" finished-at="2026-09-10T12:57:39 IST" duration-ms="202" status="PASS">
          <reporter-output>
          </reporter-output>
        </test-method> <!-- tearDown -->
      </class> <!-- TestCases.loginPageTest -->
    </test> <!-- alltestcases -->
  </suite> <!-- Suite -->
</testng-results>
