<?xml version="1.0" encoding="UTF-8"?>
<testng-results ignored="0" total="3" passed="3" failed="0" skipped="0">
  <reporter-output>
  </reporter-output>
  <suite started-at="2026-09-10T11:16:08 IST" name="Suite" finished-at="2026-09-10T11:16:10 IST" duration-ms="1294">
    <groups>
    </groups>
    <test started-at="2026-09-10T11:16:08 IST" name="alltestcases" finished-at="2026-09-10T11:16:10 IST" duration-ms="1294">
      <class name="TestCases.SwagLabsPageTest">
        <test-method signature="intenvoryTest()[pri:0, instance:TestCases.SwagLabsPageTest@1165b38]" started-at="2026-09-10T11:16:09 IST" name="intenvoryTest" finished-at="2026-09-10T11:16:09 IST" duration-ms="296" status="PASS">
          <reporter-output>
          </reporter-output>
        </test-method> <!-- intenvoryTest -->
        <test-method signature="selectLowestPriceItem()[pri:0, instance:TestCases.SwagLabsPageTest@1165b38]" started-at="2026-09-10T11:16:09 IST" name="selectLowestPriceItem" finished-at="2026-09-10T11:16:10 IST" duration-ms="408" status="PASS">
          <reporter-output>
          </reporter-output>
        </test-method> <!-- selectLowestPriceItem -->
      </class> <!-- TestCases.SwagLabsPageTest -->
      <class name="TestCases.loginPageTest">
        <test-method is-config="true" signature="setup()[pri:0, instance:TestCases.loginPageTest@6025e1b6]" started-at="2026-09-10T11:16:06 IST" name="setup" finished-at="2026-09-10T11:16:08 IST" duration-ms="2053" status="PASS">
          <reporter-output>
          </reporter-output>
        </test-method> <!-- setup -->
        <test-method signature="loginFunctionTest()[pri:0, instance:TestCases.loginPageTest@6025e1b6]" started-at="2026-09-10T11:16:08 IST" name="loginFunctionTest" finished-at="2026-09-10T11:16:09 IST" duration-ms="567" status="PASS">
          <reporter-output>
          </reporter-output>
        </test-method> <!-- loginFunctionTest -->
      </class> <!-- TestCases.loginPageTest -->
    </test> <!-- alltestcases -->
  </suite> <!-- Suite -->
</testng-results>
