<?xml version="1.0" encoding="UTF-8"?>
<!-- Generated by org.testng.reporters.JUnitXMLReporter -->
<testsuite ignored="1" hostname="Prodhanddt01" failures="0" tests="3" name="alltestcases" time="1.142" errors="0" timestamp="2026-09-10T11:04:00 IST">
  <testcase classname="TestCases.loginPageTest" name="loginFunctionTest" time="0.443"/>
  <testcase classname="TestCases.SwagLabsPageTest" name="intenvoryTest" time="0.243"/>
  <testcase classname="TestCases.SwagLabsPageTest" name="selectLowestPriceItem" time="0.431"/>
  <testcase classname="BaseTestcases.BaseTest" name="@BeforeSuite setup" time="0.0">
    <ignored/>
  </testcase> <!-- @BeforeSuite setup -->
</testsuite> <!-- alltestcases -->
