<?xml version="1.0" encoding="UTF-8"?>
<!-- Generated by org.testng.reporters.JUnitXMLReporter -->
<testsuite ignored="2" hostname="Prodhanddt01" failures="0" tests="2" name="alltestcases" time="0.864" errors="0" timestamp="2026-09-10T12:57:39 IST">
  <testcase classname="TestCases.loginPageTest" name="loginFunctionTest" time="0.449"/>
  <testcase classname="TestCases.SwagLabsPageTest" name="selectLowestPriceItem" time="0.392"/>
  <testcase classname="BaseTestcases.BaseTest" name="@AfterSuite tearDown" time="0.0">
    <ignored/>
  </testcase> <!-- @AfterSuite tearDown -->
  <testcase classname="BaseTestcases.BaseTest" name="@BeforeSuite setup" time="0.0">
    <ignored/>
  </testcase> <!-- @BeforeSuite setup -->
</testsuite> <!-- alltestcases -->
